2024-12-26T01:56:39.266+05:30  INFO 81936 --- [Project-2] [restartedMain] com.counsellorapp.Application            : Starting Application using Java 17.0.2 with PID 81936 (/Users/BaBa/workspace-spring-tool-suite-4-4.26.0.RELEASE/Projects/Counsellor-App/target/classes started by BaBa in /Users/BaBa/workspace-spring-tool-suite-4-4.26.0.RELEASE/Projects/Counsellor-App)
2024-12-26T01:56:39.266+05:30  INFO 81936 --- [Project-2] [restartedMain] com.counsellorapp.Application            : No active profile set, falling back to 1 default profile: "default"
2024-12-26T01:56:39.373+05:30  INFO 81936 --- [Project-2] [restartedMain] .s.d.r.c.RepositoryConfigurationDelegate : Bootstrapping Spring Data JPA repositories in DEFAULT mode.
2024-12-26T01:56:39.380+05:30  INFO 81936 --- [Project-2] [restartedMain] .s.d.r.c.RepositoryConfigurationDelegate : Finished Spring Data repository scanning in 6 ms. Found 2 JPA repository interfaces.
2024-12-26T01:56:39.457+05:30  INFO 81936 --- [Project-2] [restartedMain] o.s.b.w.embedded.tomcat.TomcatWebServer  : Tomcat initialized with port 8080 (http)
2024-12-26T01:56:39.457+05:30  INFO 81936 --- [Project-2] [restartedMain] o.apache.catalina.core.StandardService   : Starting service [Tomcat]
2024-12-26T01:56:39.457+05:30  INFO 81936 --- [Project-2] [restartedMain] o.apache.catalina.core.StandardEngine    : Starting Servlet engine: [Apache Tomcat/10.1.31]
2024-12-26T01:56:39.464+05:30  INFO 81936 --- [Project-2] [restartedMain] o.a.c.c.C.[Tomcat-3].[localhost].[/]     : Initializing Spring embedded WebApplicationContext
2024-12-26T01:56:39.464+05:30  INFO 81936 --- [Project-2] [restartedMain] w.s.c.ServletWebServerApplicationContext : Root WebApplicationContext: initialization completed in 197 ms
2024-12-26T01:56:39.490+05:30  INFO 81936 --- [Project-2] [restartedMain] o.hibernate.jpa.internal.util.LogHelper  : HHH000204: Processing PersistenceUnitInfo [name: default]
2024-12-26T01:56:39.491+05:30  INFO 81936 --- [Project-2] [restartedMain] o.h.c.internal.RegionFactoryInitiator    : HHH000026: Second-level cache disabled
2024-12-26T01:56:39.496+05:30  INFO 81936 --- [Project-2] [restartedMain] o.s.o.j.p.SpringPersistenceUnitInfo      : No LoadTimeWeaver setup: ignoring JPA class transformer
2024-12-26T01:56:39.497+05:30  INFO 81936 --- [Project-2] [restartedMain] com.zaxxer.hikari.HikariDataSource       : HikariPool-28 - Starting...
2024-12-26T01:56:39.540+05:30  INFO 81936 --- [Project-2] [restartedMain] com.zaxxer.hikari.pool.HikariPool        : HikariPool-28 - Added connection org.postgresql.jdbc.PgConnection@8e69586
2024-12-26T01:56:39.540+05:30  INFO 81936 --- [Project-2] [restartedMain] com.zaxxer.hikari.HikariDataSource       : HikariPool-28 - Start completed.
2024-12-26T01:56:39.553+05:30  WARN 81936 --- [Project-2] [restartedMain] org.hibernate.orm.deprecation            : HHH90000025: PostgreSQLDialect does not need to be specified explicitly using 'hibernate.dialect' (remove the property setting and it will be selected by default)
2024-12-26T01:56:39.594+05:30  INFO 81936 --- [Project-2] [restartedMain] o.h.e.t.j.p.i.JtaPlatformInitiator       : HHH000489: No JTA platform available (set 'hibernate.transaction.jta.platform' to enable JTA platform integration)
2024-12-26T01:56:39.629+05:30  INFO 81936 --- [Project-2] [restartedMain] j.LocalContainerEntityManagerFactoryBean : Initialized JPA EntityManagerFactory for persistence unit 'default'
2024-12-26T01:56:39.679+05:30  WARN 81936 --- [Project-2] [restartedMain] JpaBaseConfiguration$JpaWebConfiguration : spring.jpa.open-in-view is enabled by default. Therefore, database queries may be performed during view rendering. Explicitly configure spring.jpa.open-in-view to disable this warning
2024-12-26T01:56:39.759+05:30  INFO 81936 --- [Project-2] [restartedMain] o.s.b.d.a.OptionalLiveReloadServer       : LiveReload server is running on port 35729
2024-12-26T01:56:39.768+05:30  INFO 81936 --- [Project-2] [restartedMain] o.s.b.w.embedded.tomcat.TomcatWebServer  : Tomcat started on port 8080 (http) with context path '/'
2024-12-26T01:56:39.771+05:30  INFO 81936 --- [Project-2] [restartedMain] com.counsellorapp.Application            : Started Application in 0.521 seconds (process running for 23715.696)
2024-12-26T01:56:39.772+05:30  INFO 81936 --- [Project-2] [restartedMain] .ConditionEvaluationDeltaLoggingListener : Condition evaluation unchanged
2024-12-26T01:56:51.782+05:30  INFO 81936 --- [Project-2] [http-nio-8080-exec-2] o.a.c.c.C.[Tomcat-3].[localhost].[/]     : Initializing Spring DispatcherServlet 'dispatcherServlet'
2024-12-26T01:56:51.783+05:30  INFO 81936 --- [Project-2] [http-nio-8080-exec-2] o.s.web.servlet.DispatcherServlet        : Initializing Servlet 'dispatcherServlet'
2024-12-26T01:56:51.800+05:30  INFO 81936 --- [Project-2] [http-nio-8080-exec-2] o.s.web.servlet.DispatcherServlet        : Completed initialization in 17 ms
2024-12-26T01:56:51.808+05:30  INFO 81936 --- [Project-2] [http-nio-8080-exec-2] com.counsellorapp.aop.LoggerAspect       : Method Called findAll
2024-12-26T01:56:51.808+05:30  INFO 81936 --- [Project-2] [http-nio-8080-exec-2] c.c.s.CounsellorServiceImplementation    : All enquires for thee counsellor is :1
2024-12-26T01:56:51.819+05:30  INFO 81936 --- [Project-2] [http-nio-8080-exec-2] com.counsellorapp.aop.LoggerAspect       :  Method Executed findAll
2024-12-26T01:58:15.184+05:30  INFO 81936 --- [Project-2] [File Watcher] rtingClassPathChangeChangedEventListener : Restarting due to 1 class path change (0 additions, 0 deletions, 1 modification)
2024-12-26T01:58:15.204+05:30  INFO 81936 --- [Project-2] [Thread-108] j.LocalContainerEntityManagerFactoryBean : Closing JPA EntityManagerFactory for persistence unit 'default'
2024-12-26T01:58:15.206+05:30  INFO 81936 --- [Project-2] [Thread-108] com.zaxxer.hikari.HikariDataSource       : HikariPool-28 - Shutdown initiated...
2024-12-26T01:58:15.208+05:30  INFO 81936 --- [Project-2] [Thread-108] com.zaxxer.hikari.HikariDataSource       : HikariPool-28 - Shutdown completed.
2024-12-26T01:58:15.294+05:30  INFO 81936 --- [Project-2] [restartedMain] com.counsellorapp.Application            : Starting Application using Java 17.0.2 with PID 81936 (/Users/BaBa/workspace-spring-tool-suite-4-4.26.0.RELEASE/Projects/Counsellor-App/target/classes started by BaBa in /Users/BaBa/workspace-spring-tool-suite-4-4.26.0.RELEASE/Projects/Counsellor-App)
2024-12-26T01:58:15.294+05:30  INFO 81936 --- [Project-2] [restartedMain] com.counsellorapp.Application            : No active profile set, falling back to 1 default profile: "default"
2024-12-26T01:58:15.523+05:30  INFO 81936 --- [Project-2] [restartedMain] com.zaxxer.hikari.HikariDataSource       : HikariPool-29 - Starting...
2024-12-26T01:58:15.553+05:30  INFO 81936 --- [Project-2] [restartedMain] com.zaxxer.hikari.pool.HikariPool        : HikariPool-29 - Added connection org.postgresql.jdbc.PgConnection@4f6b8ac8
2024-12-26T01:58:15.553+05:30  INFO 81936 --- [Project-2] [restartedMain] com.zaxxer.hikari.HikariDataSource       : HikariPool-29 - Start completed.
2024-12-26T01:58:15.561+05:30  WARN 81936 --- [Project-2] [restartedMain] org.hibernate.orm.deprecation            : HHH90000025: PostgreSQLDialect does not need to be specified explicitly using 'hibernate.dialect' (remove the property setting and it will be selected by default)
2024-12-26T01:58:15.688+05:30  WARN 81936 --- [Project-2] [restartedMain] JpaBaseConfiguration$JpaWebConfiguration : spring.jpa.open-in-view is enabled by default. Therefore, database queries may be performed during view rendering. Explicitly configure spring.jpa.open-in-view to disable this warning
2024-12-26T01:58:15.783+05:30  INFO 81936 --- [Project-2] [restartedMain] com.counsellorapp.Application            : Started Application in 0.503 seconds (process running for 23811.708)
2024-12-26T02:11:29.304+05:30  INFO 81936 --- [Project-2] [Thread-112] com.zaxxer.hikari.HikariDataSource       : HikariPool-29 - Shutdown initiated...
2024-12-26T02:11:29.309+05:30  INFO 81936 --- [Project-2] [Thread-112] com.zaxxer.hikari.HikariDataSource       : HikariPool-29 - Shutdown completed.
